# JRE version: OpenJDK Runtime Environment (8.0_76-b03) (build 1.8.0_76-release-b03)
# Java VM: OpenJDK 64-Bit Server VM (25.76-b03 mixed mode windows-amd64 compressed oops)
Heap:
 PSYoungGen      total 318464K, used 79703K [0x00000000e0000000, 0x00000000f9c80000, 0x0000000100000000)
  eden space 290304K, 27% used [0x00000000e0000000,0x00000000e4dd5c40,0x00000000f1b80000)
  from space 28160K, 0% used [0x00000000f1b80000,0x00000000f1b80000,0x00000000f3700000)
  to   space 27648K, 0% used [0x00000000f8180000,0x00000000f8180000,0x00000000f9c80000)
 ParOldGen       total 90624K, used 46208K [0x00000000a0000000, 0x00000000a5880000, 0x00000000e0000000)
  object space 90624K, 50% used [0x00000000a0000000,0x00000000a2d203c0,0x00000000a5880000)
 Metaspace       used 61994K, capacity 63454K, committed 63616K, reserved 1103872K
  class space    used 7979K, capacity 8289K, committed 8320K, reserved 1048576K
GC Heap History (10 events):
Event: 35.250 GC heap before
{Heap before GC invocations=14 (full 2):
 PSYoungGen      total 195072K, used 195072K [0x00000000e0000000, 0x00000000f0a80000, 0x0000000100000000)
  eden space 179200K, 100% used [0x00000000e0000000,0x00000000eaf00000,0x00000000eaf00000)
  from space 15872K, 100% used [0x00000000eaf00000,0x00000000ebe80000,0x00000000ebe80000)
  to   space 20992K, 0% used [0x00000000ef600000,0x00000000ef600000,0x00000000f0a80000)
 ParOldGen       total 90624K, used 27081K [0x00000000a0000000, 0x00000000a5880000, 0x00000000e0000000)
  object space 90624K, 29% used [0x00000000a0000000,0x00000000a1a72668,0x00000000a5880000)
 Metaspace       used 54362K, capacity 55638K, committed 55936K, reserved 1097728K
  class space    used 7130K, capacity 7447K, committed 7552K, reserved 1048576K
Event: 35.329 GC heap after
Heap after GC invocations=14 (full 2):
 PSYoungGen      total 248320K, used 18611K [0x00000000e0000000, 0x00000000f0b00000, 0x0000000100000000)
  eden space 227328K, 0% used [0x00000000e0000000,0x00000000e0000000,0x00000000ede00000)
  from space 20992K, 88% used [0x00000000ef600000,0x00000000f082cd30,0x00000000f0a80000)
  to   space 23040K, 0% used [0x00000000ede00000,0x00000000ede00000,0x00000000ef480000)
 ParOldGen       total 90624K, used 36731K [0x00000000a0000000, 0x00000000a5880000, 0x00000000e0000000)
  object space 90624K, 40% used [0x00000000a0000000,0x00000000a23def08,0x00000000a5880000)
 Metaspace       used 54362K, capacity 55638K, committed 55936K, reserved 1097728K
  class space    used 7130K, capacity 7447K, committed 7552K, reserved 1048576K
}
Event: 38.673 GC heap before
{Heap before GC invocations=15 (full 2):
 PSYoungGen      total 248320K, used 245939K [0x00000000e0000000, 0x00000000f0b00000, 0x0000000100000000)
  eden space 227328K, 100% used [0x00000000e0000000,0x00000000ede00000,0x00000000ede00000)
  from space 20992K, 88% used [0x00000000ef600000,0x00000000f082cd30,0x00000000f0a80000)
  to   space 23040K, 0% used [0x00000000ede00000,0x00000000ede00000,0x00000000ef480000)
 ParOldGen       total 90624K, used 36731K [0x00000000a0000000, 0x00000000a5880000, 0x00000000e0000000)
  object space 90624K, 40% used [0x00000000a0000000,0x00000000a23def08,0x00000000a5880000)
 Metaspace       used 54889K, capacity 56296K, committed 56576K, reserved 1097728K
  class space    used 7197K, capacity 7570K, committed 7680K, reserved 1048576K
Event: 38.756 GC heap after
Heap after GC invocations=15 (full 2):
 PSYoungGen      total 250368K, used 23010K [0x00000000e0000000, 0x00000000f5780000, 0x0000000100000000)
  eden space 227328K, 0% used [0x00000000e0000000,0x00000000e0000000,0x00000000ede00000)
  from space 23040K, 99% used [0x00000000ede00000,0x00000000ef478990,0x00000000ef480000)
  to   space 29696K, 0% used [0x00000000f3a80000,0x00000000f3a80000,0x00000000f5780000)
 ParOldGen       total 90624K, used 46607K [0x00000000a0000000, 0x00000000a5880000, 0x00000000e0000000)
  object space 90624K, 51% used [0x00000000a0000000,0x00000000a2d83c48,0x00000000a5880000)
 Metaspace       used 54889K, capacity 56296K, committed 56576K, reserved 1097728K
  class space    used 7197K, capacity 7570K, committed 7680K, reserved 1048576K
}
Event: 45.686 GC heap before
{Heap before GC invocations=16 (full 2):
 PSYoungGen      total 250368K, used 250338K [0x00000000e0000000, 0x00000000f5780000, 0x0000000100000000)
  eden space 227328K, 100% used [0x00000000e0000000,0x00000000ede00000,0x00000000ede00000)
  from space 23040K, 99% used [0x00000000ede00000,0x00000000ef478990,0x00000000ef480000)
  to   space 29696K, 0% used [0x00000000f3a80000,0x00000000f3a80000,0x00000000f5780000)
 ParOldGen       total 90624K, used 46607K [0x00000000a0000000, 0x00000000a5880000, 0x00000000e0000000)
  object space 90624K, 51% used [0x00000000a0000000,0x00000000a2d83c48,0x00000000a5880000)
 Metaspace       used 55235K, capacity 56632K, committed 56832K, reserved 1097728K
  class space    used 7207K, capacity 7570K, committed 7680K, reserved 1048576K
Event: 45.780 GC heap after
Heap after GC invocations=16 (full 2):
 PSYoungGen      total 314880K, used 13202K [0x00000000e0000000, 0x00000000f5280000, 0x0000000100000000)
  eden space 290304K, 0% used [0x00000000e0000000,0x00000000e0000000,0x00000000f1b80000)
  from space 24576K, 53% used [0x00000000f3a80000,0x00000000f4764970,0x00000000f5280000)
  to   space 28160K, 0% used [0x00000000f1b80000,0x00000000f1b80000,0x00000000f3700000)
 ParOldGen       total 90624K, used 60116K [0x00000000a0000000, 0x00000000a5880000, 0x00000000e0000000)
  object space 90624K, 66% used [0x00000000a0000000,0x00000000a3ab5338,0x00000000a5880000)
 Metaspace       used 55235K, capacity 56632K, committed 56832K, reserved 1097728K
  class space    used 7207K, capacity 7570K, committed 7680K, reserved 1048576K
}
Event: 53.852 GC heap before
{Heap before GC invocations=17 (full 2):
 PSYoungGen      total 314880K, used 215645K [0x00000000e0000000, 0x00000000f5280000, 0x0000000100000000)
  eden space 290304K, 69% used [0x00000000e0000000,0x00000000ec5b2d08,0x00000000f1b80000)
  from space 24576K, 53% used [0x00000000f3a80000,0x00000000f4764970,0x00000000f5280000)
  to   space 28160K, 0% used [0x00000000f1b80000,0x00000000f1b80000,0x00000000f3700000)
 ParOldGen       total 90624K, used 60116K [0x00000000a0000000, 0x00000000a5880000, 0x00000000e0000000)
  object space 90624K, 66% used [0x00000000a0000000,0x00000000a3ab5338,0x00000000a5880000)
 Metaspace       used 57588K, capacity 59074K, committed 59136K, reserved 1099776K
  class space    used 7530K, capacity 7889K, committed 7936K, reserved 1048576K
Event: 53.951 GC heap after
Heap after GC invocations=17 (full 2):
 PSYoungGen      total 318464K, used 15210K [0x00000000e0000000, 0x00000000f9c80000, 0x0000000100000000)
  eden space 290304K, 0% used [0x00000000e0000000,0x00000000e0000000,0x00000000f1b80000)
  from space 28160K, 54% used [0x00000000f1b80000,0x00000000f2a5ab40,0x00000000f3700000)
  to   space 27648K, 0% used [0x00000000f8180000,0x00000000f8180000,0x00000000f9c80000)
 ParOldGen       total 90624K, used 60124K [0x00000000a0000000, 0x00000000a5880000, 0x00000000e0000000)
  object space 90624K, 66% used [0x00000000a0000000,0x00000000a3ab7338,0x00000000a5880000)
 Metaspace       used 57588K, capacity 59074K, committed 59136K, reserved 1099776K
  class space    used 7530K, capacity 7889K, committed 7936K, reserved 1048576K
}
Event: 53.951 GC heap before
{Heap before GC invocations=18 (full 3):
 PSYoungGen      total 318464K, used 15210K [0x00000000e0000000, 0x00000000f9c80000, 0x0000000100000000)
  eden space 290304K, 0% used [0x00000000e0000000,0x00000000e0000000,0x00000000f1b80000)
  from space 28160K, 54% used [0x00000000f1b80000,0x00000000f2a5ab40,0x00000000f3700000)
  to   space 27648K, 0% used [0x00000000f8180000,0x00000000f8180000,0x00000000f9c80000)
 ParOldGen       total 90624K, used 60124K [0x00000000a0000000, 0x00000000a5880000, 0x00000000e0000000)
  object space 90624K, 66% used [0x00000000a0000000,0x00000000a3ab7338,0x00000000a5880000)
 Metaspace       used 57588K, capacity 59074K, committed 59136K, reserved 1099776K
  class space    used 7530K, capacity 7889K, committed 7936K, reserved 1048576K
Event: 54.586 GC heap after
Heap after GC invocations=18 (full 3):
 PSYoungGen      total 318464K, used 0K [0x00000000e0000000, 0x00000000f9c80000, 0x0000000100000000)
  eden space 290304K, 0% used [0x00000000e0000000,0x00000000e0000000,0x00000000f1b80000)
  from space 28160K, 0% used [0x00000000f1b80000,0x00000000f1b80000,0x00000000f3700000)
  to   space 27648K, 0% used [0x00000000f8180000,0x00000000f8180000,0x00000000f9c80000)
 ParOldGen       total 90624K, used 46208K [0x00000000a0000000, 0x00000000a5880000, 0x00000000e0000000)
  object space 90624K, 50% used [0x00000000a0000000,0x00000000a2d203c0,0x00000000a5880000)
 Metaspace       used 57564K, capacity 59006K, committed 59136K, reserved 1099776K
  class space    used 7522K, capacity 7873K, committed 7936K, reserved 1048576K
}

